Using pre-set license
Built from '2020.3/release' branch; Version is '2020.3.12f1 (b3b2c6512326) revision 11776710'; Using compiler version '192528614'; Build Type 'Release'
OS: 'Windows 10 Pro; OS build 19042.1052; Version 2009; 64bit' Language: 'en' Physical Memory: 16309 MB
BatchMode: 1, IsHumanControllingUs: 0, StartBugReporterOnCrash: 0, Is64bit: 1, IsPro: 0

 COMMAND LINE ARGUMENTS:
C:\Program Files\Unity\Hub\Editor\2020.3.12f1\Editor\Unity.exe
-adb2
-batchMode
-noUpm
-name
AssetImportWorker0
-projectPath
C:/Users/Liam Burnett-Blue/Documents/Game Design/RGP200/RGP_Task2/RGP2
-logFile
Logs/AssetImportWorker0.log
-srvPort
50456
Successfully changed project path to: C:/Users/Liam Burnett-Blue/Documents/Game Design/RGP200/RGP_Task2/RGP2
C:/Users/Liam Burnett-Blue/Documents/Game Design/RGP200/RGP_Task2/RGP2
Using Asset Import Pipeline V2.
Refreshing native plugins compatible for Editor in 55.76 ms, found 3 plugins.
Preloading 0 native plugins for Editor in 0.00 ms.
Initialize engine version: 2020.3.12f1 (b3b2c6512326)
[Subsystems] Discovering subsystems at path C:/Program Files/Unity/Hub/Editor/2020.3.12f1/Editor/Data/Resources/UnitySubsystems
[Subsystems] Discovering subsystems at path C:/Users/Liam Burnett-Blue/Documents/Game Design/RGP200/RGP_Task2/RGP2/Assets
GfxDevice: creating device client; threaded=0
Direct3D:
    Version:  Direct3D 11.0 [level 11.1]
    Renderer: NVIDIA GeForce RTX 3070 (ID=0x2484)
    Vendor:   
    VRAM:     8043 MB
    Driver:   27.21.14.6079
Initialize mono
Mono path[0] = 'C:/Program Files/Unity/Hub/Editor/2020.3.12f1/Editor/Data/Managed'
Mono path[1] = 'C:/Program Files/Unity/Hub/Editor/2020.3.12f1/Editor/Data/MonoBleedingEdge/lib/mono/unityjit'
Mono config path = 'C:/Program Files/Unity/Hub/Editor/2020.3.12f1/Editor/Data/MonoBleedingEdge/etc'
Using monoOptions --debugger-agent=transport=dt_socket,embedding=1,server=y,suspend=n,address=127.0.0.1:56704
Begin MonoManager ReloadAssembly
Registering precompiled unity dll's ...
Register platform support module: C:/Program Files/Unity/Hub/Editor/2020.3.12f1/Editor/Data/PlaybackEngines/WindowsStandaloneSupport/UnityEditor.WindowsStandalone.Extensions.dll
Registered in 0.005229 seconds.
Native extension for WindowsStandalone target not found
Refreshing native plugins compatible for Editor in 49.18 ms, found 3 plugins.
Preloading 0 native plugins for Editor in 0.00 ms.
Mono: successfully reloaded assembly
- Completed reload, in  2.860 seconds
Platform modules already initialized, skipping
Registering precompiled user dll's ...
Registered in 0.011510 seconds.
Begin MonoManager ReloadAssembly
Native extension for WindowsStandalone target not found
Refreshing native plugins compatible for Editor in 51.85 ms, found 3 plugins.
Preloading 0 native plugins for Editor in 0.00 ms.
Mono: successfully reloaded assembly
- Completed reload, in  1.496 seconds
Platform modules already initialized, skipping
========================================================================
Worker process is ready to serve import requests
Launched and connected shader compiler UnityShaderCompiler.exe after 0.11 seconds
Refreshing native plugins compatible for Editor in 0.54 ms, found 3 plugins.
Preloading 0 native plugins for Editor in 0.00 ms.
Unloading 2093 Unused Serialized files (Serialized files now loaded: 0)
System memory in use before: 165.1 MB.
System memory in use after: 165.1 MB.

Unloading 33 unused Assets to reduce memory usage. Loaded Objects now: 2531.
Total: 3.056100 ms (FindLiveObjects: 0.360900 ms CreateObjectMapping: 0.049900 ms MarkObjects: 2.494100 ms  DeleteObjects: 0.149300 ms)

AssetImportParameters requested are different than current active one (requested -> active):
  custom:framework-win-MediaFoundation: 216162199b28c13a410421893ffa2e32 -> 
  custom:video-decoder-ogg-theora: a1e56fd34408186e4bbccfd4996cb3dc -> 
  custom:container-muxer-webm: aa71ff27fc2769a1b78a27578f13a17b -> 
  custom:container-demuxer-webm: 4f35f7cbe854078d1ac9338744f61a02 -> 
  custom:container-demuxer-ogg: 62fdf1f143b41e24485cea50d1cbac27 -> 
  custom:video-encoder-webm-vp8: eb34c28f22e8b96e1ab97ce403110664 -> 
  custom:video-decoder-webm-vp8: 9c59270c3fd7afecdb556c50c9e8de78 -> 
  custom:audio-decoder-ogg-vorbis: bf7c407c2cedff20999df2af8eb42d56 -> 
  custom:audio-encoder-webm-vorbis: bf7c407c2cedff20999df2af8eb42d56 -> 
========================================================================
Received Import Request.
  path: Assets/Sprites/Arrows/blu_arrow.png
  artifactKey: Guid(2cb047d3309a1e549a76ac736e7f08d6) Importer(815301076,1909f56bfc062723c751e8b465ee728b)
Start importing Assets/Sprites/Arrows/blu_arrow.png using Guid(2cb047d3309a1e549a76ac736e7f08d6) Importer(815301076,1909f56bfc062723c751e8b465ee728b)  -> (artifact id: '4d9a191a23873fa79db825a289bc2ddf') in 0.192703 seconds 
  Import took 0.197482 seconds .

========================================================================
Received Import Request.
  Time since last request: 0.000364 seconds.
  path: Assets/Sprites/Arrows/red_arrow.png
  artifactKey: Guid(65d421fc6a8abff46b47f164c613b0b2) Importer(815301076,1909f56bfc062723c751e8b465ee728b)
Start importing Assets/Sprites/Arrows/red_arrow.png using Guid(65d421fc6a8abff46b47f164c613b0b2) Importer(815301076,1909f56bfc062723c751e8b465ee728b)  -> (artifact id: '77d997f93624d25b5bc8127a804c719a') in 0.020311 seconds 
  Import took 0.023548 seconds .

========================================================================
Received Import Request.
  Time since last request: 0.000206 seconds.
  path: Assets/Sprites/Arrows/arrow_neutral.png
  artifactKey: Guid(a787eeac6d9f1ea48a7d2f48393ae585) Importer(815301076,1909f56bfc062723c751e8b465ee728b)
Start importing Assets/Sprites/Arrows/arrow_neutral.png using Guid(a787eeac6d9f1ea48a7d2f48393ae585) Importer(815301076,1909f56bfc062723c751e8b465ee728b)  -> (artifact id: '0a568829222ba033a64e1a4dbde1e25d') in 0.016712 seconds 
  Import took 0.020163 seconds .

========================================================================
Received Import Request.
  Time since last request: 76.150125 seconds.
  path: Assets/CartoonLowPolyCity/Materials/LowPolyCity_MAIN.mat
  artifactKey: Guid(b953325a729791343b9fda58b967a70a) Importer(815301076,1909f56bfc062723c751e8b465ee728b)
Start importing Assets/CartoonLowPolyCity/Materials/LowPolyCity_MAIN.mat using Guid(b953325a729791343b9fda58b967a70a) Importer(815301076,1909f56bfc062723c751e8b465ee728b)  -> (artifact id: '881efb5abbc61a90b135316f3e65d323') in 0.078117 seconds 
  Import took 0.083378 seconds .

========================================================================
Received Import Request.
  Time since last request: 42.312793 seconds.
  path: Assets/CartoonLowPolyCity/Prefabs/Buildings
  artifactKey: Guid(a8856598f5c0e5f479f64d33c4712fee) Importer(815301076,1909f56bfc062723c751e8b465ee728b)
Start importing Assets/CartoonLowPolyCity/Prefabs/Buildings using Guid(a8856598f5c0e5f479f64d33c4712fee) Importer(815301076,1909f56bfc062723c751e8b465ee728b)  -> (artifact id: '385ec96598cbde8f40b6cbebcd1af770') in 0.007192 seconds 
  Import took 0.011222 seconds .

========================================================================
Received Import Request.
  Time since last request: 0.039936 seconds.
  path: Assets/CartoonLowPolyCity/Prefabs/Buildings/AutoService.prefab
  artifactKey: Guid(d1067b6bf0dfda7478989ff29bfff6b6) Importer(815301076,1909f56bfc062723c751e8b465ee728b)
Start importing Assets/CartoonLowPolyCity/Prefabs/Buildings/AutoService.prefab using Guid(d1067b6bf0dfda7478989ff29bfff6b6) Importer(815301076,1909f56bfc062723c751e8b465ee728b)  -> (artifact id: 'bb4f67a0efb1fc5354f151deee97d964') in 0.042005 seconds 
  Import took 0.047202 seconds .

========================================================================
Received Import Request.
  Time since last request: 0.000200 seconds.
  path: Assets/CartoonLowPolyCity/Prefabs/Buildings/Donuts.prefab
  artifactKey: Guid(80fffdf69b63a2148af9195959855a2d) Importer(815301076,1909f56bfc062723c751e8b465ee728b)
Start importing Assets/CartoonLowPolyCity/Prefabs/Buildings/Donuts.prefab using Guid(80fffdf69b63a2148af9195959855a2d) Importer(815301076,1909f56bfc062723c751e8b465ee728b)  -> (artifact id: 'a6be88aa882872348227ad266c705110') in 0.019418 seconds 
  Import took 0.026465 seconds .

========================================================================
Received Import Request.
  Time since last request: 0.000261 seconds.
  path: Assets/CartoonLowPolyCity/Prefabs/Buildings/Hospital.prefab
  artifactKey: Guid(28bf9e2d8bfd7d84cb0ced74c453ee78) Importer(815301076,1909f56bfc062723c751e8b465ee728b)
Start importing Assets/CartoonLowPolyCity/Prefabs/Buildings/Hospital.prefab using Guid(28bf9e2d8bfd7d84cb0ced74c453ee78) Importer(815301076,1909f56bfc062723c751e8b465ee728b)  -> (artifact id: '411e6af1ae6db5f56e3f243a2fe34f27') in 0.023200 seconds 
  Import took 0.028724 seconds .

========================================================================
Received Import Request.
  Time since last request: 0.000245 seconds.
  path: Assets/CartoonLowPolyCity/Prefabs/Buildings/House_04.prefab
  artifactKey: Guid(1131972193e77d94583d72ceb987940c) Importer(815301076,1909f56bfc062723c751e8b465ee728b)
Start importing Assets/CartoonLowPolyCity/Prefabs/Buildings/House_04.prefab using Guid(1131972193e77d94583d72ceb987940c) Importer(815301076,1909f56bfc062723c751e8b465ee728b)  -> (artifact id: '2b411602f12a0981d9d991d99e65d069') in 0.026246 seconds 
  Import took 0.031737 seconds .

========================================================================
Received Import Request.
  Time since last request: 0.000208 seconds.
  path: Assets/CartoonLowPolyCity/Prefabs/Buildings/House_02.prefab
  artifactKey: Guid(f2b402f1fe59d364ca14788982de7341) Importer(815301076,1909f56bfc062723c751e8b465ee728b)
Start importing Assets/CartoonLowPolyCity/Prefabs/Buildings/House_02.prefab using Guid(f2b402f1fe59d364ca14788982de7341) Importer(815301076,1909f56bfc062723c751e8b465ee728b)  -> (artifact id: '1238d36628ec9cc82448b020082fd1f6') in 0.022881 seconds 
  Import took 0.030194 seconds .

========================================================================
Received Import Request.
  Time since last request: 0.000190 seconds.
  path: Assets/CartoonLowPolyCity/Prefabs/Buildings/House_12.prefab
  artifactKey: Guid(e0d12f6bfc2b992418391597af1267cc) Importer(815301076,1909f56bfc062723c751e8b465ee728b)
Start importing Assets/CartoonLowPolyCity/Prefabs/Buildings/House_12.prefab using Guid(e0d12f6bfc2b992418391597af1267cc) Importer(815301076,1909f56bfc062723c751e8b465ee728b)  -> (artifact id: '38691f99bdcda748c5aff33791cbbf00') in 0.016105 seconds 
  Import took 0.022693 seconds .

========================================================================
Received Import Request.
  Time since last request: 0.000241 seconds.
  path: Assets/CartoonLowPolyCity/Prefabs/Buildings/House_10.prefab
  artifactKey: Guid(982687cf71b8dda4ebc81a81fe7ec03e) Importer(815301076,1909f56bfc062723c751e8b465ee728b)
Start importing Assets/CartoonLowPolyCity/Prefabs/Buildings/House_10.prefab using Guid(982687cf71b8dda4ebc81a81fe7ec03e) Importer(815301076,1909f56bfc062723c751e8b465ee728b)  -> (artifact id: '36eaca4f0da3c0810698d5d5b476705b') in 0.020819 seconds 
  Import took 0.027351 seconds .

========================================================================
Received Import Request.
  Time since last request: 0.000214 seconds.
  path: Assets/CartoonLowPolyCity/Prefabs/Buildings/Burgers.prefab
  artifactKey: Guid(324c0e7cca35bf24f85b9f415941b7b0) Importer(815301076,1909f56bfc062723c751e8b465ee728b)
Start importing Assets/CartoonLowPolyCity/Prefabs/Buildings/Burgers.prefab using Guid(324c0e7cca35bf24f85b9f415941b7b0) Importer(815301076,1909f56bfc062723c751e8b465ee728b)  -> (artifact id: 'f88b3540bf961152b5d1f20f272e8055') in 0.019674 seconds 
  Import took 0.027293 seconds .

========================================================================
Received Import Request.
  Time since last request: 0.000185 seconds.
  path: Assets/CartoonLowPolyCity/Prefabs/Buildings/House_05.prefab
  artifactKey: Guid(c63cac91bfc37614d8102d653ce67039) Importer(815301076,1909f56bfc062723c751e8b465ee728b)
Start importing Assets/CartoonLowPolyCity/Prefabs/Buildings/House_05.prefab using Guid(c63cac91bfc37614d8102d653ce67039) Importer(815301076,1909f56bfc062723c751e8b465ee728b)  -> (artifact id: '1d224166636eb1ab08b7f402fa31ad82') in 0.017523 seconds 
  Import took 0.022227 seconds .

========================================================================
Received Import Request.
  Time since last request: 0.000233 seconds.
  path: Assets/CartoonLowPolyCity/Prefabs/Buildings/House_15.prefab
  artifactKey: Guid(85056a1af145b9646a00dc3ae4c9f2bf) Importer(815301076,1909f56bfc062723c751e8b465ee728b)
Start importing Assets/CartoonLowPolyCity/Prefabs/Buildings/House_15.prefab using Guid(85056a1af145b9646a00dc3ae4c9f2bf) Importer(815301076,1909f56bfc062723c751e8b465ee728b)  -> (artifact id: '3ddd27fa5f3d8289670bea649e47ed84') in 0.020501 seconds 
  Import took 0.025803 seconds .

========================================================================
Received Import Request.
  Time since last request: 0.000253 seconds.
  path: Assets/CartoonLowPolyCity/Prefabs/Buildings/House_11.prefab
  artifactKey: Guid(265780a7da52f804ca4008fb764db90b) Importer(815301076,1909f56bfc062723c751e8b465ee728b)
Start importing Assets/CartoonLowPolyCity/Prefabs/Buildings/House_11.prefab using Guid(265780a7da52f804ca4008fb764db90b) Importer(815301076,1909f56bfc062723c751e8b465ee728b)  -> (artifact id: '577e2a1f024680c459048cc8140d4217') in 0.016644 seconds 
  Import took 0.021552 seconds .

========================================================================
Received Import Request.
  Time since last request: 0.000299 seconds.
  path: Assets/CartoonLowPolyCity/Prefabs/Buildings/Factory_03.prefab
  artifactKey: Guid(a7426406647a66046b1eda30fc72df65) Importer(815301076,1909f56bfc062723c751e8b465ee728b)
Start importing Assets/CartoonLowPolyCity/Prefabs/Buildings/Factory_03.prefab using Guid(a7426406647a66046b1eda30fc72df65) Importer(815301076,1909f56bfc062723c751e8b465ee728b)  -> (artifact id: '67492dec0abb7d8921800b1d915af4d3') in 0.019751 seconds 
  Import took 0.024855 seconds .

========================================================================
Received Import Request.
  Time since last request: 0.000192 seconds.
  path: Assets/CartoonLowPolyCity/Prefabs/Buildings/Gas_Station_02.prefab
  artifactKey: Guid(3a67c34e5324297429520456f040c421) Importer(815301076,1909f56bfc062723c751e8b465ee728b)
Start importing Assets/CartoonLowPolyCity/Prefabs/Buildings/Gas_Station_02.prefab using Guid(3a67c34e5324297429520456f040c421) Importer(815301076,1909f56bfc062723c751e8b465ee728b)  -> (artifact id: '1fb2bd0550511c26caf6e1f66e7f338c') in 0.019682 seconds 
  Import took 0.024046 seconds .

========================================================================
Received Import Request.
  Time since last request: 0.000257 seconds.
  path: Assets/CartoonLowPolyCity/Prefabs/Buildings/House_13.prefab
  artifactKey: Guid(1af8873651932cb408dea3cb55a65789) Importer(815301076,1909f56bfc062723c751e8b465ee728b)
Start importing Assets/CartoonLowPolyCity/Prefabs/Buildings/House_13.prefab using Guid(1af8873651932cb408dea3cb55a65789) Importer(815301076,1909f56bfc062723c751e8b465ee728b)  -> (artifact id: 'aaabf09e2aadd522acfa97468e17b0ed') in 0.018740 seconds 
  Import took 0.024158 seconds .

========================================================================
Received Import Request.
  Time since last request: 0.000313 seconds.
  path: Assets/CartoonLowPolyCity/Prefabs/Buildings/House_21.prefab
  artifactKey: Guid(1d915b17d89cbad4b85bde8f637b18ff) Importer(815301076,1909f56bfc062723c751e8b465ee728b)
Start importing Assets/CartoonLowPolyCity/Prefabs/Buildings/House_21.prefab using Guid(1d915b17d89cbad4b85bde8f637b18ff) Importer(815301076,1909f56bfc062723c751e8b465ee728b)  -> (artifact id: 'da7a6deb42348d9ef27a7ad9fd35108b') in 0.016443 seconds 
  Import took 0.022412 seconds .

========================================================================
Received Import Request.
  Time since last request: 0.000257 seconds.
  path: Assets/CartoonLowPolyCity/Prefabs/Buildings/House_14.prefab
  artifactKey: Guid(9805b24ea3dc79d40a853a276df7fd8d) Importer(815301076,1909f56bfc062723c751e8b465ee728b)
Start importing Assets/CartoonLowPolyCity/Prefabs/Buildings/House_14.prefab using Guid(9805b24ea3dc79d40a853a276df7fd8d) Importer(815301076,1909f56bfc062723c751e8b465ee728b)  -> (artifact id: 'e6bb39c411be04025ac3a6e77a0c77df') in 0.021912 seconds 
  Import took 0.026049 seconds .

========================================================================
Received Import Request.
  Time since last request: 0.000259 seconds.
  path: Assets/CartoonLowPolyCity/Prefabs/Buildings/Factory_02.prefab
  artifactKey: Guid(d8b557f14e5f13e46842083850e488c5) Importer(815301076,1909f56bfc062723c751e8b465ee728b)
Start importing Assets/CartoonLowPolyCity/Prefabs/Buildings/Factory_02.prefab using Guid(d8b557f14e5f13e46842083850e488c5) Importer(815301076,1909f56bfc062723c751e8b465ee728b)  -> (artifact id: '692df7cba732cb1bad8ffa8b67c437fd') in 0.020818 seconds 
  Import took 0.025524 seconds .

========================================================================
Received Import Request.
  Time since last request: 0.000248 seconds.
  path: Assets/CartoonLowPolyCity/Prefabs/Buildings/House_16.prefab
  artifactKey: Guid(660207eaf9b92a24caca8b7bf12adaf6) Importer(815301076,1909f56bfc062723c751e8b465ee728b)
Start importing Assets/CartoonLowPolyCity/Prefabs/Buildings/House_16.prefab using Guid(660207eaf9b92a24caca8b7bf12adaf6) Importer(815301076,1909f56bfc062723c751e8b465ee728b)  -> (artifact id: '00d297b896d0386e6c8460ee9b533eca') in 0.017932 seconds 
  Import took 0.023498 seconds .

========================================================================
Received Import Request.
  Time since last request: 0.000465 seconds.
  path: Assets/CartoonLowPolyCity/Prefabs/Buildings/Factory_01.prefab
  artifactKey: Guid(8f8b8c761c14e974a89118c516e19d5c) Importer(815301076,1909f56bfc062723c751e8b465ee728b)
Start importing Assets/CartoonLowPolyCity/Prefabs/Buildings/Factory_01.prefab using Guid(8f8b8c761c14e974a89118c516e19d5c) Importer(815301076,1909f56bfc062723c751e8b465ee728b)  -> (artifact id: '6f9b2e6bc2d29abb176d063f2f3121e3') in 0.015373 seconds 
  Import took 0.020401 seconds .

========================================================================
Received Import Request.
  Time since last request: 0.000246 seconds.
  path: Assets/CartoonLowPolyCity/Prefabs/Buildings/Hotel.prefab
  artifactKey: Guid(5af326d2e5c5d514daa755105bd34e4b) Importer(815301076,1909f56bfc062723c751e8b465ee728b)
Start importing Assets/CartoonLowPolyCity/Prefabs/Buildings/Hotel.prefab using Guid(5af326d2e5c5d514daa755105bd34e4b) Importer(815301076,1909f56bfc062723c751e8b465ee728b)  -> (artifact id: '9dbd1522927e05034b9d8119e0bbea5e') in 0.018988 seconds 
  Import took 0.023478 seconds .

========================================================================
Received Import Request.
  Time since last request: 0.000266 seconds.
  path: Assets/CartoonLowPolyCity/Prefabs/Buildings/Supermarket.prefab
  artifactKey: Guid(235a928bcd4aadb44918fbdffdd7b5a1) Importer(815301076,1909f56bfc062723c751e8b465ee728b)
Start importing Assets/CartoonLowPolyCity/Prefabs/Buildings/Supermarket.prefab using Guid(235a928bcd4aadb44918fbdffdd7b5a1) Importer(815301076,1909f56bfc062723c751e8b465ee728b)  -> (artifact id: 'a4053336ca4f4e86a4b6381c0be6045a') in 0.015499 seconds 
  Import took 0.020117 seconds .

========================================================================
Received Import Request.
  Time since last request: 0.000295 seconds.
  path: Assets/CartoonLowPolyCity/Prefabs/Buildings/House_03.prefab
  artifactKey: Guid(52e95fc33da031d4f9754bdda77ed788) Importer(815301076,1909f56bfc062723c751e8b465ee728b)
Start importing Assets/CartoonLowPolyCity/Prefabs/Buildings/House_03.prefab using Guid(52e95fc33da031d4f9754bdda77ed788) Importer(815301076,1909f56bfc062723c751e8b465ee728b)  -> (artifact id: '16d70a48a7704bf63b6511676cd0a864') in 0.018750 seconds 
  Import took 0.023500 seconds .

========================================================================
Received Import Request.
  Time since last request: 0.000214 seconds.
  path: Assets/CartoonLowPolyCity/Prefabs/Buildings/House_09.prefab
  artifactKey: Guid(a059647f169ed5b40880d9af7a430e40) Importer(815301076,1909f56bfc062723c751e8b465ee728b)
Start importing Assets/CartoonLowPolyCity/Prefabs/Buildings/House_09.prefab using Guid(a059647f169ed5b40880d9af7a430e40) Importer(815301076,1909f56bfc062723c751e8b465ee728b)  -> (artifact id: '60041de2253ddf16808e563cde41be5c') in 0.017134 seconds 
  Import took 0.021450 seconds .

========================================================================
Received Import Request.
  Time since last request: 0.000343 seconds.
  path: Assets/CartoonLowPolyCity/Prefabs/Buildings/House_18.prefab
  artifactKey: Guid(d0feaeca9f5e737438051c23b5b39a58) Importer(815301076,1909f56bfc062723c751e8b465ee728b)
Start importing Assets/CartoonLowPolyCity/Prefabs/Buildings/House_18.prefab using Guid(d0feaeca9f5e737438051c23b5b39a58) Importer(815301076,1909f56bfc062723c751e8b465ee728b)  -> (artifact id: 'ada2a966a60143b63fdd40daf17329b8') in 0.021223 seconds 
  Import took 0.026204 seconds .

========================================================================
Received Import Request.
  Time since last request: 0.000309 seconds.
  path: Assets/CartoonLowPolyCity/Prefabs/Buildings/House_06.prefab
  artifactKey: Guid(553d7935272fcd84686a141b6e9e0eea) Importer(815301076,1909f56bfc062723c751e8b465ee728b)
Start importing Assets/CartoonLowPolyCity/Prefabs/Buildings/House_06.prefab using Guid(553d7935272fcd84686a141b6e9e0eea) Importer(815301076,1909f56bfc062723c751e8b465ee728b)  -> (artifact id: '80082ceb03129f1e64c36bbea12585ee') in 0.016704 seconds 
  Import took 0.022347 seconds .

========================================================================
Received Import Request.
  Time since last request: 0.000272 seconds.
  path: Assets/CartoonLowPolyCity/Prefabs/Buildings/Pizza.prefab
  artifactKey: Guid(4770280d7e483ec4ea03645972229cbc) Importer(815301076,1909f56bfc062723c751e8b465ee728b)
Start importing Assets/CartoonLowPolyCity/Prefabs/Buildings/Pizza.prefab using Guid(4770280d7e483ec4ea03645972229cbc) Importer(815301076,1909f56bfc062723c751e8b465ee728b)  -> (artifact id: '8e2a707e8cf08c2a7df93d87d2689e1b') in 0.018515 seconds 
  Import took 0.023128 seconds .

========================================================================
Received Import Request.
  Time since last request: 0.000199 seconds.
  path: Assets/CartoonLowPolyCity/Prefabs/Buildings/Police.prefab
  artifactKey: Guid(ed2b043ff13e5e045b4d5897b49dc6ad) Importer(815301076,1909f56bfc062723c751e8b465ee728b)
Start importing Assets/CartoonLowPolyCity/Prefabs/Buildings/Police.prefab using Guid(ed2b043ff13e5e045b4d5897b49dc6ad) Importer(815301076,1909f56bfc062723c751e8b465ee728b)  -> (artifact id: 'b2a9f3fd75b97c9af7ffefbf53e5076f') in 0.022882 seconds 
  Import took 0.026680 seconds .

========================================================================
Received Import Request.
  Time since last request: 0.000182 seconds.
  path: Assets/CartoonLowPolyCity/Prefabs/Buildings/House_07.prefab
  artifactKey: Guid(95cdd83b32d81554dbf33cd20b754776) Importer(815301076,1909f56bfc062723c751e8b465ee728b)
Start importing Assets/CartoonLowPolyCity/Prefabs/Buildings/House_07.prefab using Guid(95cdd83b32d81554dbf33cd20b754776) Importer(815301076,1909f56bfc062723c751e8b465ee728b)  -> (artifact id: '0e9d1f3b2c2c2c863a12e50d21bac1b8') in 0.021310 seconds 
  Import took 0.026080 seconds .

========================================================================
Received Import Request.
  Time since last request: 0.000273 seconds.
  path: Assets/CartoonLowPolyCity/Prefabs/Buildings/Basketball.prefab
  artifactKey: Guid(653acb98614ee934d857d050822103ca) Importer(815301076,1909f56bfc062723c751e8b465ee728b)
Start importing Assets/CartoonLowPolyCity/Prefabs/Buildings/Basketball.prefab using Guid(653acb98614ee934d857d050822103ca) Importer(815301076,1909f56bfc062723c751e8b465ee728b)  -> (artifact id: 'f91bb4a1a0aaf18842adbed90d22746a') in 0.017126 seconds 
  Import took 0.021923 seconds .

========================================================================
Received Import Request.
  Time since last request: 0.000261 seconds.
  path: Assets/CartoonLowPolyCity/Prefabs/Buildings/Football.prefab
  artifactKey: Guid(4efe44562cd7aae4d94c22ed8fea881e) Importer(815301076,1909f56bfc062723c751e8b465ee728b)
Start importing Assets/CartoonLowPolyCity/Prefabs/Buildings/Football.prefab using Guid(4efe44562cd7aae4d94c22ed8fea881e) Importer(815301076,1909f56bfc062723c751e8b465ee728b)  -> (artifact id: '477fe27cd1c0f63f2fbdc762080e69e5') in 0.018865 seconds 
  Import took 0.022994 seconds .

========================================================================
Received Import Request.
  Time since last request: 0.000497 seconds.
  path: Assets/CartoonLowPolyCity/Prefabs/Buildings/House_08.prefab
  artifactKey: Guid(f15245df2558d2b4ebb1f01cc75d61fc) Importer(815301076,1909f56bfc062723c751e8b465ee728b)
Start importing Assets/CartoonLowPolyCity/Prefabs/Buildings/House_08.prefab using Guid(f15245df2558d2b4ebb1f01cc75d61fc) Importer(815301076,1909f56bfc062723c751e8b465ee728b)  -> (artifact id: 'b95e655b8de3bcea009dcc310e787562') in 0.017118 seconds 
  Import took 0.021966 seconds .

========================================================================
Received Import Request.
  Time since last request: 0.000358 seconds.
  path: Assets/CartoonLowPolyCity/Prefabs/Buildings/House_17.prefab
  artifactKey: Guid(8da16d66e7ed9d44296f7c3f774fc428) Importer(815301076,1909f56bfc062723c751e8b465ee728b)
Start importing Assets/CartoonLowPolyCity/Prefabs/Buildings/House_17.prefab using Guid(8da16d66e7ed9d44296f7c3f774fc428) Importer(815301076,1909f56bfc062723c751e8b465ee728b)  -> (artifact id: '4cfd8e6693b007b486d7a06a2639dda3') in 0.019089 seconds 
  Import took 0.024874 seconds .

========================================================================
Received Import Request.
  Time since last request: 0.000229 seconds.
  path: Assets/CartoonLowPolyCity/Prefabs/Buildings/House_19.prefab
  artifactKey: Guid(ff6313ab57b33174e87db56580787a60) Importer(815301076,1909f56bfc062723c751e8b465ee728b)
Start importing Assets/CartoonLowPolyCity/Prefabs/Buildings/House_19.prefab using Guid(ff6313ab57b33174e87db56580787a60) Importer(815301076,1909f56bfc062723c751e8b465ee728b)  -> (artifact id: 'eecd384c7a2552d69f8d840e02271649') in 0.018835 seconds 
  Import took 0.024079 seconds .

========================================================================
Received Import Request.
  Time since last request: 0.000230 seconds.
  path: Assets/CartoonLowPolyCity/Prefabs/Buildings/Office.prefab
  artifactKey: Guid(99fefc663aadf764f8a138bc664e5afc) Importer(815301076,1909f56bfc062723c751e8b465ee728b)
Start importing Assets/CartoonLowPolyCity/Prefabs/Buildings/Office.prefab using Guid(99fefc663aadf764f8a138bc664e5afc) Importer(815301076,1909f56bfc062723c751e8b465ee728b)  -> (artifact id: '547e5bf7546b274423b3eec16ebb8b76') in 0.016523 seconds 
  Import took 0.020825 seconds .

========================================================================
Received Import Request.
  Time since last request: 0.000266 seconds.
  path: Assets/CartoonLowPolyCity/Prefabs/Buildings/House_01.prefab
  artifactKey: Guid(1a546004a9e63d1428fe39b43efeab2d) Importer(815301076,1909f56bfc062723c751e8b465ee728b)
Start importing Assets/CartoonLowPolyCity/Prefabs/Buildings/House_01.prefab using Guid(1a546004a9e63d1428fe39b43efeab2d) Importer(815301076,1909f56bfc062723c751e8b465ee728b)  -> (artifact id: '9252e82d05e959bc49399fbc9e40e6bf') in 0.015579 seconds 
  Import took 0.019540 seconds .

========================================================================
Received Import Request.
  Time since last request: 0.000331 seconds.
  path: Assets/CartoonLowPolyCity/Prefabs/Buildings/House_20.prefab
  artifactKey: Guid(c87be76d07a1f5b499e463d1760ea780) Importer(815301076,1909f56bfc062723c751e8b465ee728b)
Start importing Assets/CartoonLowPolyCity/Prefabs/Buildings/House_20.prefab using Guid(c87be76d07a1f5b499e463d1760ea780) Importer(815301076,1909f56bfc062723c751e8b465ee728b)  -> (artifact id: '7dc5e7240d588a1762eba5111ebbb928') in 0.014153 seconds 
  Import took 0.018226 seconds .

========================================================================
Received Import Request.
  Time since last request: 0.000200 seconds.
  path: Assets/CartoonLowPolyCity/Prefabs/Buildings/Gas_Station_01.prefab
  artifactKey: Guid(3a52078fcd9b3a94881c253a504cdb85) Importer(815301076,1909f56bfc062723c751e8b465ee728b)
Start importing Assets/CartoonLowPolyCity/Prefabs/Buildings/Gas_Station_01.prefab using Guid(3a52078fcd9b3a94881c253a504cdb85) Importer(815301076,1909f56bfc062723c751e8b465ee728b)  -> (artifact id: '3aed0a77731ef97eae50ec10ac6de592') in 0.017329 seconds 
  Import took 0.021372 seconds .

========================================================================
Received Import Request.
  Time since last request: 0.000225 seconds.
  path: Assets/CartoonLowPolyCity/Prefabs/Buildings/Bank.prefab
  artifactKey: Guid(454c9f298b81f834b83d6242632521c7) Importer(815301076,1909f56bfc062723c751e8b465ee728b)
Start importing Assets/CartoonLowPolyCity/Prefabs/Buildings/Bank.prefab using Guid(454c9f298b81f834b83d6242632521c7) Importer(815301076,1909f56bfc062723c751e8b465ee728b)  -> (artifact id: 'ed7ce05ec80ada228755da9b85819489') in 0.014121 seconds 
  Import took 0.018035 seconds .

========================================================================
Received Import Request.
  Time since last request: 0.000214 seconds.
  path: Assets/CartoonLowPolyCity/Prefabs/Buildings/Cafe.prefab
  artifactKey: Guid(851c1677c30d21f47b69dd517acb535e) Importer(815301076,1909f56bfc062723c751e8b465ee728b)
Start importing Assets/CartoonLowPolyCity/Prefabs/Buildings/Cafe.prefab using Guid(851c1677c30d21f47b69dd517acb535e) Importer(815301076,1909f56bfc062723c751e8b465ee728b)  -> (artifact id: 'b2d285cab2e754fb884b40ae2b9974b1') in 0.016471 seconds 
  Import took 0.019925 seconds .

========================================================================
Received Prepare
Registering precompiled user dll's ...
Registered in 0.008822 seconds.
Begin MonoManager ReloadAssembly
Native extension for WindowsStandalone target not found
Refreshing native plugins compatible for Editor in 1.53 ms, found 3 plugins.
Preloading 0 native plugins for Editor in 0.00 ms.
Mono: successfully reloaded assembly
- Completed reload, in  1.558 seconds
Platform modules already initialized, skipping
Refreshing native plugins compatible for Editor in 0.78 ms, found 3 plugins.
Preloading 0 native plugins for Editor in 0.00 ms.
Unloading 2088 Unused Serialized files (Serialized files now loaded: 0)
System memory in use before: 168.4 MB.
System memory in use after: 168.3 MB.

Unloading 21 unused Assets to reduce memory usage. Loaded Objects now: 2578.
Total: 3.111100 ms (FindLiveObjects: 0.305300 ms CreateObjectMapping: 0.067400 ms MarkObjects: 2.607200 ms  DeleteObjects: 0.129400 ms)

AssetImportParameters requested are different than current active one (requested -> active):
  custom:framework-win-MediaFoundation: 216162199b28c13a410421893ffa2e32 -> 
  custom:video-decoder-ogg-theora: a1e56fd34408186e4bbccfd4996cb3dc -> 
  custom:container-muxer-webm: aa71ff27fc2769a1b78a27578f13a17b -> 
  custom:container-demuxer-webm: 4f35f7cbe854078d1ac9338744f61a02 -> 
  custom:container-demuxer-ogg: 62fdf1f143b41e24485cea50d1cbac27 -> 
  custom:video-encoder-webm-vp8: eb34c28f22e8b96e1ab97ce403110664 -> 
  custom:video-decoder-webm-vp8: 9c59270c3fd7afecdb556c50c9e8de78 -> 
  custom:audio-decoder-ogg-vorbis: bf7c407c2cedff20999df2af8eb42d56 -> 
  custom:audio-encoder-webm-vorbis: bf7c407c2cedff20999df2af8eb42d56 -> 
========================================================================
Received Prepare
Registering precompiled user dll's ...
Registered in 0.007325 seconds.
Begin MonoManager ReloadAssembly
Native extension for WindowsStandalone target not found
Refreshing native plugins compatible for Editor in 0.51 ms, found 3 plugins.
Preloading 0 native plugins for Editor in 0.00 ms.
Mono: successfully reloaded assembly
- Completed reload, in  1.404 seconds
Platform modules already initialized, skipping
Refreshing native plugins compatible for Editor in 2.91 ms, found 3 plugins.
Preloading 0 native plugins for Editor in 0.00 ms.
Unloading 2088 Unused Serialized files (Serialized files now loaded: 0)
System memory in use before: 168.4 MB.
System memory in use after: 168.4 MB.

Unloading 21 unused Assets to reduce memory usage. Loaded Objects now: 2582.
Total: 2.767400 ms (FindLiveObjects: 0.293100 ms CreateObjectMapping: 0.047100 ms MarkObjects: 2.276400 ms  DeleteObjects: 0.148400 ms)

AssetImportParameters requested are different than current active one (requested -> active):
  custom:framework-win-MediaFoundation: 216162199b28c13a410421893ffa2e32 -> 
  custom:video-decoder-ogg-theora: a1e56fd34408186e4bbccfd4996cb3dc -> 
  custom:container-muxer-webm: aa71ff27fc2769a1b78a27578f13a17b -> 
  custom:container-demuxer-webm: 4f35f7cbe854078d1ac9338744f61a02 -> 
  custom:container-demuxer-ogg: 62fdf1f143b41e24485cea50d1cbac27 -> 
  custom:video-encoder-webm-vp8: eb34c28f22e8b96e1ab97ce403110664 -> 
  custom:video-decoder-webm-vp8: 9c59270c3fd7afecdb556c50c9e8de78 -> 
  custom:audio-decoder-ogg-vorbis: bf7c407c2cedff20999df2af8eb42d56 -> 
  custom:audio-encoder-webm-vorbis: bf7c407c2cedff20999df2af8eb42d56 -> 
AssetImportWorkerClient::OnTransportError - code=2 error=End of file
