Using pre-set license
Built from '2020.3/staging' branch; Version is '2020.3.4f1 (0abb6314276a) revision 703331'; Using compiler version '192528614'; Build Type 'Release'
OS: 'Windows 10 Home; OS build 19042.1052; Version 2009; 64bit' Language: 'en' Physical Memory: 16228 MB
BatchMode: 1, IsHumanControllingUs: 0, StartBugReporterOnCrash: 0, Is64bit: 1, IsPro: 0

 COMMAND LINE ARGUMENTS:
C:\Program Files\Unity\Hub\Editor\2020.3.4f1\Editor\Unity.exe
-adb2
-batchMode
-noUpm
-name
AssetImportWorker0
-projectPath
C:/Users/Jonat/Downloads/rgp2 git/RGP_Task2/RGP2
-logFile
Logs/AssetImportWorker0.log
-srvPort
60197
Successfully changed project path to: C:/Users/Jonat/Downloads/rgp2 git/RGP_Task2/RGP2
C:/Users/Jonat/Downloads/rgp2 git/RGP_Task2/RGP2
Using Asset Import Pipeline V2.
Refreshing native plugins compatible for Editor in 39.30 ms, found 1 plugins.
Preloading 0 native plugins for Editor in 0.00 ms.
Initialize engine version: 2020.3.4f1 (0abb6314276a)
[Subsystems] Discovering subsystems at path C:/Program Files/Unity/Hub/Editor/2020.3.4f1/Editor/Data/Resources/UnitySubsystems
[Subsystems] Discovering subsystems at path C:/Users/Jonat/Downloads/rgp2 git/RGP_Task2/RGP2/Assets
GfxDevice: creating device client; threaded=0
Direct3D:
    Version:  Direct3D 11.0 [level 11.1]
    Renderer: NVIDIA GeForce RTX 2060 (ID=0x1f11)
    Vendor:   
    VRAM:     5980 MB
    Driver:   27.21.14.6677
Initialize mono
Mono path[0] = 'C:/Program Files/Unity/Hub/Editor/2020.3.4f1/Editor/Data/Managed'
Mono path[1] = 'C:/Program Files/Unity/Hub/Editor/2020.3.4f1/Editor/Data/MonoBleedingEdge/lib/mono/unityjit'
Mono config path = 'C:/Program Files/Unity/Hub/Editor/2020.3.4f1/Editor/Data/MonoBleedingEdge/etc'
Using monoOptions --debugger-agent=transport=dt_socket,embedding=1,server=y,suspend=n,address=127.0.0.1:56676
Begin MonoManager ReloadAssembly
Registering precompiled unity dll's ...
Register platform support module: C:/Program Files/Unity/Hub/Editor/2020.3.4f1/Editor/Data/PlaybackEngines/WindowsStandaloneSupport/UnityEditor.WindowsStandalone.Extensions.dll
Registered in 0.002048 seconds.
Native extension for WindowsStandalone target not found
Refreshing native plugins compatible for Editor in 36.76 ms, found 1 plugins.
Preloading 0 native plugins for Editor in 0.00 ms.
Mono: successfully reloaded assembly
- Completed reload, in  0.983 seconds
Platform modules already initialized, skipping
Registering precompiled user dll's ...
Registered in 0.001041 seconds.
Begin MonoManager ReloadAssembly
Native extension for WindowsStandalone target not found
Refreshing native plugins compatible for Editor in 37.39 ms, found 1 plugins.
Preloading 0 native plugins for Editor in 0.00 ms.
Mono: successfully reloaded assembly
- Completed reload, in  0.943 seconds
Platform modules already initialized, skipping
========================================================================
Worker process is ready to serve import requests
Launched and connected shader compiler UnityShaderCompiler.exe after 0.08 seconds
Refreshing native plugins compatible for Editor in 0.33 ms, found 1 plugins.
Preloading 0 native plugins for Editor in 0.00 ms.
Unloading 1810 Unused Serialized files (Serialized files now loaded: 0)
System memory in use before: 84.9 MB.
System memory in use after: 84.8 MB.

Unloading 24 unused Assets to reduce memory usage. Loaded Objects now: 2252.
Total: 2.189500 ms (FindLiveObjects: 0.374800 ms CreateObjectMapping: 0.162600 ms MarkObjects: 1.539400 ms  DeleteObjects: 0.111300 ms)

========================================================================
Received Import Request.
  path: Assets/Sprites
  artifactKey: Guid(3c5caed948215c24b8ca2ae60e2a52c0) Importer(815301076,1909f56bfc062723c751e8b465ee728b)
Start importing Assets/Sprites using Guid(3c5caed948215c24b8ca2ae60e2a52c0) Importer(815301076,1909f56bfc062723c751e8b465ee728b)  -> (artifact id: '5c5d14a616dccaa913d4707595d16c3e') in 0.025812 seconds
  Import took 0.028814 seconds .

========================================================================
Received Import Request.
  Time since last request: 84.459775 seconds.
  path: Assets/Scripts/PlayerMovement.cs
  artifactKey: Guid(cfa9316b5177e544fb3daa9932927bfc) Importer(815301076,1909f56bfc062723c751e8b465ee728b)
Start importing Assets/Scripts/PlayerMovement.cs using Guid(cfa9316b5177e544fb3daa9932927bfc) Importer(815301076,1909f56bfc062723c751e8b465ee728b)  -> (artifact id: '5c644087b16842e80bb9dba988d81c1d') in 0.046335 seconds
  Import took 0.050093 seconds .

========================================================================
Received Prepare
Registering precompiled user dll's ...
Registered in 0.001033 seconds.
Begin MonoManager ReloadAssembly
Native extension for WindowsStandalone target not found
Refreshing native plugins compatible for Editor in 0.53 ms, found 1 plugins.
Preloading 0 native plugins for Editor in 0.00 ms.
Mono: successfully reloaded assembly
- Completed reload, in  0.977 seconds
Platform modules already initialized, skipping
Refreshing native plugins compatible for Editor in 0.32 ms, found 1 plugins.
Preloading 0 native plugins for Editor in 0.00 ms.
Unloading 1806 Unused Serialized files (Serialized files now loaded: 0)
System memory in use before: 84.9 MB.
System memory in use after: 84.9 MB.

Unloading 12 unused Assets to reduce memory usage. Loaded Objects now: 2257.
Total: 1.872500 ms (FindLiveObjects: 0.201700 ms CreateObjectMapping: 0.062100 ms MarkObjects: 1.516400 ms  DeleteObjects: 0.091100 ms)

========================================================================
Received Prepare
Registering precompiled user dll's ...
Registered in 0.001557 seconds.
Begin MonoManager ReloadAssembly
Native extension for WindowsStandalone target not found
Refreshing native plugins compatible for Editor in 0.33 ms, found 1 plugins.
Preloading 0 native plugins for Editor in 0.00 ms.
Mono: successfully reloaded assembly
- Completed reload, in  0.811 seconds
Platform modules already initialized, skipping
Refreshing native plugins compatible for Editor in 0.46 ms, found 1 plugins.
Preloading 0 native plugins for Editor in 0.00 ms.
Unloading 1806 Unused Serialized files (Serialized files now loaded: 0)
System memory in use before: 84.9 MB.
System memory in use after: 84.9 MB.

Unloading 12 unused Assets to reduce memory usage. Loaded Objects now: 2261.
Total: 2.609600 ms (FindLiveObjects: 0.210100 ms CreateObjectMapping: 0.070300 ms MarkObjects: 2.218300 ms  DeleteObjects: 0.109600 ms)

========================================================================
Received Import Request.
  Time since last request: 180.182292 seconds.
  path: Assets/Scripts/PlayerMovement.cs
  artifactKey: Guid(cfa9316b5177e544fb3daa9932927bfc) Importer(815301076,1909f56bfc062723c751e8b465ee728b)
Start importing Assets/Scripts/PlayerMovement.cs using Guid(cfa9316b5177e544fb3daa9932927bfc) Importer(815301076,1909f56bfc062723c751e8b465ee728b)  -> (artifact id: 'a4a47b5eeb964b0dfda929bbd78b8778') in 0.032614 seconds
  Import took 0.036042 seconds .

========================================================================
Received Import Request.
  Time since last request: 37.135167 seconds.
  path: Assets/Assets/building_1.fbx
  artifactKey: Guid(b75ed84f4dfabf14cb68f0f46272a364) Importer(815301076,1909f56bfc062723c751e8b465ee728b)
Start importing Assets/Assets/building_1.fbx using Guid(b75ed84f4dfabf14cb68f0f46272a364) Importer(815301076,1909f56bfc062723c751e8b465ee728b)  -> (artifact id: '35cebb6551731cf92f699bd2fb9cd4d1') in 0.389255 seconds
  Import took 0.393332 seconds .

========================================================================
Received Import Request.
  Time since last request: 0.000267 seconds.
  path: Assets/Assets/small_pine.fbx
  artifactKey: Guid(cfda293d4c4151e4ea1b6e21e1181e74) Importer(815301076,1909f56bfc062723c751e8b465ee728b)
Start importing Assets/Assets/small_pine.fbx using Guid(cfda293d4c4151e4ea1b6e21e1181e74) Importer(815301076,1909f56bfc062723c751e8b465ee728b)  -> (artifact id: '7279009dda1246f36d438df2e3971c8c') in 0.061898 seconds
  Import took 0.065551 seconds .

========================================================================
Received Import Request.
  Time since last request: 0.000234 seconds.
  path: Assets/Assets/light_pole.fbx
  artifactKey: Guid(1438a46d7e0d61b4eaab486370e6f284) Importer(815301076,1909f56bfc062723c751e8b465ee728b)
Start importing Assets/Assets/light_pole.fbx using Guid(1438a46d7e0d61b4eaab486370e6f284) Importer(815301076,1909f56bfc062723c751e8b465ee728b)  -> (artifact id: 'e3671eff4673d89947ddc978571d6e6a') in 0.049962 seconds
  Import took 0.052834 seconds .

========================================================================
Received Import Request.
  Time since last request: 0.000269 seconds.
  path: Assets/Assets/doggy.fbx
  artifactKey: Guid(945e9554775780a4f85f4b993d321a47) Importer(815301076,1909f56bfc062723c751e8b465ee728b)
Start importing Assets/Assets/doggy.fbx using Guid(945e9554775780a4f85f4b993d321a47) Importer(815301076,1909f56bfc062723c751e8b465ee728b)  -> (artifact id: 'ed13ca60b812a15ebae191de14200618') in 0.049766 seconds
  Import took 0.053058 seconds .

========================================================================
Received Import Request.
  Time since last request: 0.000279 seconds.
  path: Assets/Assets/tall_pine.fbx
  artifactKey: Guid(cf64b75f64d71ee41bfa4ff9853660ef) Importer(815301076,1909f56bfc062723c751e8b465ee728b)
Start importing Assets/Assets/tall_pine.fbx using Guid(cf64b75f64d71ee41bfa4ff9853660ef) Importer(815301076,1909f56bfc062723c751e8b465ee728b)  -> (artifact id: 'd3b0f9b1a57fdf16adb54da8b3f939ca') in 0.056778 seconds
  Import took 0.059949 seconds .

========================================================================
Received Import Request.
  Time since last request: 0.000285 seconds.
  path: Assets/Assets/building_2.fbx
  artifactKey: Guid(125266a107f51d34c8a387fa53e50560) Importer(815301076,1909f56bfc062723c751e8b465ee728b)
Start importing Assets/Assets/building_2.fbx using Guid(125266a107f51d34c8a387fa53e50560) Importer(815301076,1909f56bfc062723c751e8b465ee728b)  -> (artifact id: 'eeddd54b962ac788b5bb214bc72a01f8') in 0.046036 seconds
  Import took 0.048738 seconds .

========================================================================
Received Import Request.
  Time since last request: 0.000224 seconds.
  path: Assets/Assets/van.fbx
  artifactKey: Guid(c531c8da38f7f9b4c9985ff1b505a2d4) Importer(815301076,1909f56bfc062723c751e8b465ee728b)
Start importing Assets/Assets/van.fbx using Guid(c531c8da38f7f9b4c9985ff1b505a2d4) Importer(815301076,1909f56bfc062723c751e8b465ee728b)  -> (artifact id: '103b66e892c57824f40ff9fe75cc08d9') in 0.117267 seconds
  Import took 0.120458 seconds .

========================================================================
Received Import Request.
  Time since last request: 259.934208 seconds.
  path: Assets/QuestPointer
  artifactKey: Guid(359b989fa8f2d4a48be03e216c2be72e) Importer(815301076,1909f56bfc062723c751e8b465ee728b)
Start importing Assets/QuestPointer using Guid(359b989fa8f2d4a48be03e216c2be72e) Importer(815301076,1909f56bfc062723c751e8b465ee728b)  -> (artifact id: '626e3b398287ee54080f897c20a40a71') in 0.023140 seconds
  Import took 0.026231 seconds .

========================================================================
Received Import Request.
  Time since last request: 0.787847 seconds.
  path: Assets/QuestPointer/Scripts
  artifactKey: Guid(2c2ae6514c22e634693ba1f470ed3b80) Importer(815301076,1909f56bfc062723c751e8b465ee728b)
Start importing Assets/QuestPointer/Scripts using Guid(2c2ae6514c22e634693ba1f470ed3b80) Importer(815301076,1909f56bfc062723c751e8b465ee728b)  -> (artifact id: '992a0c7fb798a6814fd66eb8495dadaa') in 0.022195 seconds
  Import took 0.024865 seconds .

========================================================================
Received Import Request.
  Time since last request: 0.593526 seconds.
  path: Assets/QuestPointer/Scripts/Window_QuestPointer.cs
  artifactKey: Guid(8a0ddc8abf17a234a9e3bcda43ec3807) Importer(815301076,1909f56bfc062723c751e8b465ee728b)
Start importing Assets/QuestPointer/Scripts/Window_QuestPointer.cs using Guid(8a0ddc8abf17a234a9e3bcda43ec3807) Importer(815301076,1909f56bfc062723c751e8b465ee728b)  -> (artifact id: 'ab22cc9c92698aa9f5ae219a1f50cfc0') in 0.023664 seconds
  Import took 0.026327 seconds .

========================================================================
Received Import Request.
  Time since last request: 83.402802 seconds.
  path: Assets/Scripts/Window_QuestPointer.cs
  artifactKey: Guid(8a0ddc8abf17a234a9e3bcda43ec3807) Importer(815301076,1909f56bfc062723c751e8b465ee728b)
Start importing Assets/Scripts/Window_QuestPointer.cs using Guid(8a0ddc8abf17a234a9e3bcda43ec3807) Importer(815301076,1909f56bfc062723c751e8b465ee728b)  -> (artifact id: '4f609c485668298a1a43aeceade9cdf3') in 0.031627 seconds
  Import took 0.035347 seconds .

========================================================================
Received Prepare
Registering precompiled user dll's ...
Registered in 0.001144 seconds.
Begin MonoManager ReloadAssembly
Native extension for WindowsStandalone target not found
Refreshing native plugins compatible for Editor in 0.31 ms, found 1 plugins.
Preloading 0 native plugins for Editor in 0.00 ms.
Mono: successfully reloaded assembly
- Completed reload, in  0.797 seconds
Platform modules already initialized, skipping
Refreshing native plugins compatible for Editor in 0.32 ms, found 1 plugins.
Preloading 0 native plugins for Editor in 0.00 ms.
Unloading 1806 Unused Serialized files (Serialized files now loaded: 0)
System memory in use before: 88.4 MB.
System memory in use after: 88.4 MB.

Unloading 12 unused Assets to reduce memory usage. Loaded Objects now: 2308.
Total: 2.041700 ms (FindLiveObjects: 0.200100 ms CreateObjectMapping: 0.088900 ms MarkObjects: 1.660500 ms  DeleteObjects: 0.091400 ms)

AssetImportWorkerClient::OnTransportError - code=2 error=End of file
